# JRE version: OpenJDK Runtime Environment (17.0.6) (build 17.0.6+0-b2043.56-9586694)
# Java VM: OpenJDK 64-Bit Server VM (17.0.6+0-b2043.56-9586694, mixed mode, tiered, compressed oops, compressed class ptrs, g1 gc, windows-amd64)
GC Precious Log:
 CPUs: 8 total, 8 available
 Memory: 4087M
 Large Page Support: Disabled
 NUMA Support: Disabled
 Compressed Oops: Enabled (32-bit)
 Heap Region Size: 1M
 Heap Min Capacity: 8M
 Heap Initial Capacity: 64M
 Heap Max Capacity: 1022M
 Pre-touch: Disabled
 Parallel Workers: 8
 Concurrent Workers: 2
 Concurrent Refinement Workers: 8
 Periodic GC: Disabled
Heap:
 garbage-first heap   total 126976K, used 59938K [0x00000000c0200000, 0x0000000100000000)
  region size 1024K, 26 young (26624K), 2 survivors (2048K)
 Metaspace       used 51808K, committed 52096K, reserved 1097728K
  class space    used 6164K, committed 6272K, reserved 1048576K
GC Heap History (20 events):
Event: 3.302 GC heap before
{Heap before GC invocations=4 (full 0):
 garbage-first heap   total 40960K, used 35220K [0x00000000c0200000, 0x0000000100000000)
  region size 1024K, 22 young (22528K), 1 survivors (1024K)
 Metaspace       used 27891K, committed 28160K, reserved 1081344K
  class space    used 3059K, committed 3200K, reserved 1048576K
}
Event: 3.309 GC heap after
{Heap after GC invocations=5 (full 0):
 garbage-first heap   total 40960K, used 16302K [0x00000000c0200000, 0x0000000100000000)
  region size 1024K, 3 young (3072K), 3 survivors (3072K)
 Metaspace       used 27891K, committed 28160K, reserved 1081344K
  class space    used 3059K, committed 3200K, reserved 1048576K
}
Event: 3.338 GC heap before
{Heap before GC invocations=5 (full 0):
 garbage-first heap   total 40960K, used 17326K [0x00000000c0200000, 0x0000000100000000)
  region size 1024K, 4 young (4096K), 3 survivors (3072K)
 Metaspace       used 28135K, committed 28416K, reserved 1081344K
  class space    used 3088K, committed 3200K, reserved 1048576K
}
Event: 3.345 GC heap after
{Heap after GC invocations=6 (full 0):
 garbage-first heap   total 40960K, used 16433K [0x00000000c0200000, 0x0000000100000000)
  region size 1024K, 1 young (1024K), 1 survivors (1024K)
 Metaspace       used 28135K, committed 28416K, reserved 1081344K
  class space    used 3088K, committed 3200K, reserved 1048576K
}
Event: 3.900 GC heap before
{Heap before GC invocations=6 (full 0):
 garbage-first heap   total 40960K, used 33841K [0x00000000c0200000, 0x0000000100000000)
  region size 1024K, 16 young (16384K), 1 survivors (1024K)
 Metaspace       used 31151K, committed 31424K, reserved 1081344K
  class space    used 3776K, committed 3904K, reserved 1048576K
}
Event: 3.909 GC heap after
{Heap after GC invocations=7 (full 0):
 garbage-first heap   total 40960K, used 21327K [0x00000000c0200000, 0x0000000100000000)
  region size 1024K, 2 young (2048K), 2 survivors (2048K)
 Metaspace       used 31151K, committed 31424K, reserved 1081344K
  class space    used 3776K, committed 3904K, reserved 1048576K
}
Event: 4.315 GC heap before
{Heap before GC invocations=7 (full 0):
 garbage-first heap   total 40960K, used 30543K [0x00000000c0200000, 0x0000000100000000)
  region size 1024K, 12 young (12288K), 2 survivors (2048K)
 Metaspace       used 33248K, committed 33472K, reserved 1081344K
  class space    used 4234K, committed 4352K, reserved 1048576K
}
Event: 4.325 GC heap after
{Heap after GC invocations=8 (full 0):
 garbage-first heap   total 66560K, used 23230K [0x00000000c0200000, 0x0000000100000000)
  region size 1024K, 2 young (2048K), 2 survivors (2048K)
 Metaspace       used 33248K, committed 33472K, reserved 1081344K
  class space    used 4234K, committed 4352K, reserved 1048576K
}
Event: 5.240 GC heap before
{Heap before GC invocations=9 (full 0):
 garbage-first heap   total 66560K, used 45758K [0x00000000c0200000, 0x0000000100000000)
  region size 1024K, 25 young (25600K), 2 survivors (2048K)
 Metaspace       used 38180K, committed 38400K, reserved 1089536K
  class space    used 4774K, committed 4864K, reserved 1048576K
}
Event: 5.254 GC heap after
{Heap after GC invocations=10 (full 0):
 garbage-first heap   total 66560K, used 24018K [0x00000000c0200000, 0x0000000100000000)
  region size 1024K, 4 young (4096K), 4 survivors (4096K)
 Metaspace       used 38180K, committed 38400K, reserved 1089536K
  class space    used 4774K, committed 4864K, reserved 1048576K
}
Event: 5.294 GC heap before
{Heap before GC invocations=10 (full 0):
 garbage-first heap   total 66560K, used 25042K [0x00000000c0200000, 0x0000000100000000)
  region size 1024K, 5 young (5120K), 4 survivors (4096K)
 Metaspace       used 38347K, committed 38592K, reserved 1089536K
  class space    used 4807K, committed 4928K, reserved 1048576K
}
Event: 5.306 GC heap after
{Heap after GC invocations=11 (full 0):
 garbage-first heap   total 66560K, used 24529K [0x00000000c0200000, 0x0000000100000000)
  region size 1024K, 1 young (1024K), 1 survivors (1024K)
 Metaspace       used 38347K, committed 38592K, reserved 1089536K
  class space    used 4807K, committed 4928K, reserved 1048576K
}
Event: 5.898 GC heap before
{Heap before GC invocations=11 (full 0):
 garbage-first heap   total 66560K, used 46033K [0x00000000c0200000, 0x0000000100000000)
  region size 1024K, 23 young (23552K), 1 survivors (1024K)
 Metaspace       used 42813K, committed 43072K, reserved 1089536K
  class space    used 5200K, committed 5312K, reserved 1048576K
}
Event: 5.902 GC heap after
{Heap after GC invocations=12 (full 0):
 garbage-first heap   total 66560K, used 26011K [0x00000000c0200000, 0x0000000100000000)
  region size 1024K, 3 young (3072K), 3 survivors (3072K)
 Metaspace       used 42813K, committed 43072K, reserved 1089536K
  class space    used 5200K, committed 5312K, reserved 1048576K
}
Event: 6.582 GC heap before
{Heap before GC invocations=12 (full 0):
 garbage-first heap   total 66560K, used 49563K [0x00000000c0200000, 0x0000000100000000)
  region size 1024K, 24 young (24576K), 3 survivors (3072K)
 Metaspace       used 48112K, committed 48320K, reserved 1097728K
  class space    used 5846K, committed 5952K, reserved 1048576K
}
Event: 6.593 GC heap after
{Heap after GC invocations=13 (full 0):
 garbage-first heap   total 66560K, used 30666K [0x00000000c0200000, 0x0000000100000000)
  region size 1024K, 3 young (3072K), 3 survivors (3072K)
 Metaspace       used 48112K, committed 48320K, reserved 1097728K
  class space    used 5846K, committed 5952K, reserved 1048576K
}
Event: 6.914 GC heap before
{Heap before GC invocations=13 (full 0):
 garbage-first heap   total 66560K, used 50122K [0x00000000c0200000, 0x0000000100000000)
  region size 1024K, 22 young (22528K), 3 survivors (3072K)
 Metaspace       used 48593K, committed 48768K, reserved 1097728K
  class space    used 5874K, committed 5952K, reserved 1048576K
}
Event: 6.933 GC heap after
{Heap after GC invocations=14 (full 0):
 garbage-first heap   total 66560K, used 35520K [0x00000000c0200000, 0x0000000100000000)
  region size 1024K, 3 young (3072K), 3 survivors (3072K)
 Metaspace       used 48593K, committed 48768K, reserved 1097728K
  class space    used 5874K, committed 5952K, reserved 1048576K
}
Event: 7.128 GC heap before
{Heap before GC invocations=14 (full 0):
 garbage-first heap   total 66560K, used 50880K [0x00000000c0200000, 0x0000000100000000)
  region size 1024K, 18 young (18432K), 3 survivors (3072K)
 Metaspace       used 49301K, committed 49536K, reserved 1097728K
  class space    used 5947K, committed 6080K, reserved 1048576K
}
Event: 7.143 GC heap after
{Heap after GC invocations=15 (full 0):
 garbage-first heap   total 126976K, used 36386K [0x00000000c0200000, 0x0000000100000000)
  region size 1024K, 2 young (2048K), 2 survivors (2048K)
 Metaspace       used 49301K, committed 49536K, reserved 1097728K
  class space    used 5947K, committed 6080K, reserved 1048576K
}

