# JRE version: OpenJDK Runtime Environment (17.0.6) (build 17.0.6+0-b2043.56-9586694)
# Java VM: OpenJDK 64-Bit Server VM (17.0.6+0-b2043.56-9586694, mixed mode, tiered, compressed oops, compressed class ptrs, g1 gc, windows-amd64)
GC Precious Log:
 CPUs: 8 total, 8 available
 Memory: 4087M
 Large Page Support: Disabled
 NUMA Support: Disabled
 Compressed Oops: Enabled (32-bit)
 Heap Region Size: 1M
 Heap Min Capacity: 8M
 Heap Initial Capacity: 64M
 Heap Max Capacity: 1022M
 Pre-touch: Disabled
 Parallel Workers: 8
 Concurrent Workers: 2
 Concurrent Refinement Workers: 8
 Periodic GC: Disabled
Heap:
 garbage-first heap   total 88064K, used 51200K [0x00000000c0200000, 0x0000000100000000)
  region size 1024K, 1 young (1024K), 1 survivors (1024K)
 Metaspace       used 65764K, committed 66048K, reserved 1114112K
  class space    used 7640K, committed 7744K, reserved 1048576K
GC Heap History (20 events):
Event: 6.088 GC heap after
{Heap after GC invocations=14 (full 0):
 garbage-first heap   total 72704K, used 33175K [0x00000000c0200000, 0x0000000100000000)
  region size 1024K, 4 young (4096K), 4 survivors (4096K)
 Metaspace       used 48125K, committed 48384K, reserved 1097728K
  class space    used 5847K, committed 5952K, reserved 1048576K
}
Event: 6.408 GC heap before
{Heap before GC invocations=14 (full 0):
 garbage-first heap   total 72704K, used 55703K [0x00000000c0200000, 0x0000000100000000)
  region size 1024K, 25 young (25600K), 4 survivors (4096K)
 Metaspace       used 48599K, committed 48768K, reserved 1097728K
  class space    used 5873K, committed 5952K, reserved 1048576K
}
Event: 6.422 GC heap after
{Heap after GC invocations=15 (full 0):
 garbage-first heap   total 72704K, used 34139K [0x00000000c0200000, 0x0000000100000000)
  region size 1024K, 2 young (2048K), 2 survivors (2048K)
 Metaspace       used 48599K, committed 48768K, reserved 1097728K
  class space    used 5873K, committed 5952K, reserved 1048576K
}
Event: 7.621 GC heap before
{Heap before GC invocations=15 (full 0):
 garbage-first heap   total 72704K, used 55643K [0x00000000c0200000, 0x0000000100000000)
  region size 1024K, 23 young (23552K), 2 survivors (2048K)
 Metaspace       used 51134K, committed 51392K, reserved 1097728K
  class space    used 6138K, committed 6272K, reserved 1048576K
}
Event: 7.637 GC heap after
{Heap after GC invocations=16 (full 0):
 garbage-first heap   total 72704K, used 37203K [0x00000000c0200000, 0x0000000100000000)
  region size 1024K, 3 young (3072K), 3 survivors (3072K)
 Metaspace       used 51134K, committed 51392K, reserved 1097728K
  class space    used 6138K, committed 6272K, reserved 1048576K
}
Event: 9.412 GC heap before
{Heap before GC invocations=17 (full 0):
 garbage-first heap   total 72704K, used 55635K [0x00000000c0200000, 0x0000000100000000)
  region size 1024K, 21 young (21504K), 3 survivors (3072K)
 Metaspace       used 51883K, committed 52160K, reserved 1097728K
  class space    used 6164K, committed 6272K, reserved 1048576K
}
Event: 9.432 GC heap after
{Heap after GC invocations=18 (full 0):
 garbage-first heap   total 72704K, used 40569K [0x00000000c0200000, 0x0000000100000000)
  region size 1024K, 3 young (3072K), 3 survivors (3072K)
 Metaspace       used 51883K, committed 52160K, reserved 1097728K
  class space    used 6164K, committed 6272K, reserved 1048576K
}
Event: 9.460 GC heap before
{Heap before GC invocations=18 (full 0):
 garbage-first heap   total 72704K, used 41593K [0x00000000c0200000, 0x0000000100000000)
  region size 1024K, 4 young (4096K), 3 survivors (3072K)
 Metaspace       used 51905K, committed 52160K, reserved 1097728K
  class space    used 6164K, committed 6272K, reserved 1048576K
}
Event: 9.473 GC heap after
{Heap after GC invocations=19 (full 0):
 garbage-first heap   total 88064K, used 41096K [0x00000000c0200000, 0x0000000100000000)
  region size 1024K, 1 young (1024K), 1 survivors (1024K)
 Metaspace       used 51905K, committed 52160K, reserved 1097728K
  class space    used 6164K, committed 6272K, reserved 1048576K
}
Event: 10.272 GC heap before
{Heap before GC invocations=19 (full 0):
 garbage-first heap   total 88064K, used 67720K [0x00000000c0200000, 0x0000000100000000)
  region size 1024K, 27 young (27648K), 1 survivors (1024K)
 Metaspace       used 54630K, committed 54848K, reserved 1097728K
  class space    used 6459K, committed 6592K, reserved 1048576K
}
Event: 10.286 GC heap after
{Heap after GC invocations=20 (full 0):
 garbage-first heap   total 88064K, used 43747K [0x00000000c0200000, 0x0000000100000000)
  region size 1024K, 4 young (4096K), 4 survivors (4096K)
 Metaspace       used 54630K, committed 54848K, reserved 1097728K
  class space    used 6459K, committed 6592K, reserved 1048576K
}
Event: 10.880 GC heap before
{Heap before GC invocations=21 (full 0):
 garbage-first heap   total 88064K, used 67299K [0x00000000c0200000, 0x0000000100000000)
  region size 1024K, 28 young (28672K), 4 survivors (4096K)
 Metaspace       used 57828K, committed 58112K, reserved 1105920K
  class space    used 6828K, committed 6976K, reserved 1048576K
}
Event: 10.899 GC heap after
{Heap after GC invocations=22 (full 0):
 garbage-first heap   total 88064K, used 46277K [0x00000000c0200000, 0x0000000100000000)
  region size 1024K, 3 young (3072K), 3 survivors (3072K)
 Metaspace       used 57828K, committed 58112K, reserved 1105920K
  class space    used 6828K, committed 6976K, reserved 1048576K
}
Event: 10.930 GC heap before
{Heap before GC invocations=22 (full 0):
 garbage-first heap   total 88064K, used 47301K [0x00000000c0200000, 0x0000000100000000)
  region size 1024K, 4 young (4096K), 3 survivors (3072K)
 Metaspace       used 57869K, committed 58176K, reserved 1105920K
  class space    used 6832K, committed 6976K, reserved 1048576K
}
Event: 10.942 GC heap after
{Heap after GC invocations=23 (full 0):
 garbage-first heap   total 88064K, used 46580K [0x00000000c0200000, 0x0000000100000000)
  region size 1024K, 1 young (1024K), 1 survivors (1024K)
 Metaspace       used 57869K, committed 58176K, reserved 1105920K
  class space    used 6832K, committed 6976K, reserved 1048576K
}
Event: 12.156 GC heap before
{Heap before GC invocations=23 (full 0):
 garbage-first heap   total 88064K, used 69108K [0x00000000c0200000, 0x0000000100000000)
  region size 1024K, 23 young (23552K), 1 survivors (1024K)
 Metaspace       used 61324K, committed 61632K, reserved 1105920K
  class space    used 7158K, committed 7296K, reserved 1048576K
}
Event: 12.170 GC heap after
{Heap after GC invocations=24 (full 0):
 garbage-first heap   total 88064K, used 49028K [0x00000000c0200000, 0x0000000100000000)
  region size 1024K, 3 young (3072K), 3 survivors (3072K)
 Metaspace       used 61324K, committed 61632K, reserved 1105920K
  class space    used 7158K, committed 7296K, reserved 1048576K
}
Event: 12.909 GC heap before
{Heap before GC invocations=25 (full 0):
 garbage-first heap   total 88064K, used 70532K [0x00000000c0200000, 0x0000000100000000)
  region size 1024K, 24 young (24576K), 3 survivors (3072K)
 Metaspace       used 65737K, committed 65984K, reserved 1114112K
  class space    used 7640K, committed 7744K, reserved 1048576K
}
Event: 12.926 GC heap after
{Heap after GC invocations=26 (full 0):
 garbage-first heap   total 88064K, used 50723K [0x00000000c0200000, 0x0000000100000000)
  region size 1024K, 2 young (2048K), 2 survivors (2048K)
 Metaspace       used 65737K, committed 65984K, reserved 1114112K
  class space    used 7640K, committed 7744K, reserved 1048576K
}
Event: 12.976 GC heap before
{Heap before GC invocations=26 (full 0):
 garbage-first heap   total 88064K, used 52771K [0x00000000c0200000, 0x0000000100000000)
  region size 1024K, 4 young (4096K), 2 survivors (2048K)
 Metaspace       used 65764K, committed 66048K, reserved 1114112K
  class space    used 7640K, committed 7744K, reserved 1048576K
}

