# JRE version: OpenJDK Runtime Environment (17.0.6) (build 17.0.6+0-b2043.56-9586694)
# Java VM: OpenJDK 64-Bit Server VM (17.0.6+0-b2043.56-9586694, mixed mode, tiered, compressed oops, compressed class ptrs, g1 gc, windows-amd64)
GC Precious Log:
 CPUs: 8 total, 8 available
 Memory: 4087M
 Large Page Support: Disabled
 NUMA Support: Disabled
 Compressed Oops: Enabled (32-bit)
 Heap Region Size: 1M
 Heap Min Capacity: 8M
 Heap Initial Capacity: 64M
 Heap Max Capacity: 2G
 Pre-touch: Disabled
 Parallel Workers: 8
 Concurrent Workers: 2
 Concurrent Refinement Workers: 8
 Periodic GC: Disabled
Heap:
 garbage-first heap   total 444416K, used 202637K [0x0000000080000000, 0x0000000100000000)
  region size 1024K, 2 young (2048K), 2 survivors (2048K)
 Metaspace       used 121877K, committed 122688K, reserved 1155072K
  class space    used 16298K, committed 16704K, reserved 1048576K
GC Heap History (20 events):
Event: 29.290 GC heap after
{Heap after GC invocations=27 (full 0):
 garbage-first heap   total 191488K, used 73961K [0x0000000080000000, 0x0000000100000000)
  region size 1024K, 11 young (11264K), 11 survivors (11264K)
 Metaspace       used 85966K, committed 86592K, reserved 1130496K
  class space    used 11596K, committed 11904K, reserved 1048576K
}
Event: 30.953 GC heap before
{Heap before GC invocations=27 (full 0):
 garbage-first heap   total 191488K, used 147689K [0x0000000080000000, 0x0000000100000000)
  region size 1024K, 83 young (84992K), 11 survivors (11264K)
 Metaspace       used 92673K, committed 93312K, reserved 1130496K
  class space    used 12557K, committed 12864K, reserved 1048576K
}
Event: 31.044 GC heap after
{Heap after GC invocations=28 (full 0):
 garbage-first heap   total 191488K, used 80896K [0x0000000080000000, 0x0000000100000000)
  region size 1024K, 11 young (11264K), 11 survivors (11264K)
 Metaspace       used 92673K, committed 93312K, reserved 1130496K
  class space    used 12557K, committed 12864K, reserved 1048576K
}
Event: 34.094 GC heap before
{Heap before GC invocations=28 (full 0):
 garbage-first heap   total 191488K, used 150528K [0x0000000080000000, 0x0000000100000000)
  region size 1024K, 80 young (81920K), 11 survivors (11264K)
 Metaspace       used 96482K, committed 97088K, reserved 1138688K
  class space    used 13081K, committed 13376K, reserved 1048576K
}
Event: 34.217 GC heap after
{Heap after GC invocations=29 (full 0):
 garbage-first heap   total 191488K, used 91810K [0x0000000080000000, 0x0000000100000000)
  region size 1024K, 10 young (10240K), 10 survivors (10240K)
 Metaspace       used 96482K, committed 97088K, reserved 1138688K
  class space    used 13081K, committed 13376K, reserved 1048576K
}
Event: 36.216 GC heap before
{Heap before GC invocations=29 (full 0):
 garbage-first heap   total 191488K, used 150178K [0x0000000080000000, 0x0000000100000000)
  region size 1024K, 68 young (69632K), 10 survivors (10240K)
 Metaspace       used 99668K, committed 100288K, reserved 1138688K
  class space    used 13506K, committed 13824K, reserved 1048576K
}
Event: 36.369 GC heap after
{Heap after GC invocations=30 (full 0):
 garbage-first heap   total 382976K, used 96450K [0x0000000080000000, 0x0000000100000000)
  region size 1024K, 5 young (5120K), 5 survivors (5120K)
 Metaspace       used 99668K, committed 100288K, reserved 1138688K
  class space    used 13506K, committed 13824K, reserved 1048576K
}
Event: 41.480 GC heap before
{Heap before GC invocations=30 (full 0):
 garbage-first heap   total 382976K, used 323778K [0x0000000080000000, 0x0000000100000000)
  region size 1024K, 202 young (206848K), 5 survivors (5120K)
 Metaspace       used 105343K, committed 106048K, reserved 1146880K
  class space    used 13951K, committed 14272K, reserved 1048576K
}
Event: 41.514 GC heap after
{Heap after GC invocations=31 (full 0):
 garbage-first heap   total 382976K, used 101465K [0x0000000080000000, 0x0000000100000000)
  region size 1024K, 10 young (10240K), 10 survivors (10240K)
 Metaspace       used 105343K, committed 106048K, reserved 1146880K
  class space    used 13951K, committed 14272K, reserved 1048576K
}
Event: 41.955 GC heap before
{Heap before GC invocations=31 (full 0):
 garbage-first heap   total 382976K, used 149593K [0x0000000080000000, 0x0000000100000000)
  region size 1024K, 59 young (60416K), 10 survivors (10240K)
 Metaspace       used 106802K, committed 107520K, reserved 1146880K
  class space    used 14127K, committed 14464K, reserved 1048576K
}
Event: 41.974 GC heap after
{Heap after GC invocations=32 (full 0):
 garbage-first heap   total 382976K, used 99424K [0x0000000080000000, 0x0000000100000000)
  region size 1024K, 8 young (8192K), 8 survivors (8192K)
 Metaspace       used 106802K, committed 107520K, reserved 1146880K
  class space    used 14127K, committed 14464K, reserved 1048576K
}
Event: 47.036 GC heap before
{Heap before GC invocations=33 (full 0):
 garbage-first heap   total 382976K, used 360544K [0x0000000080000000, 0x0000000100000000)
  region size 1024K, 223 young (228352K), 8 survivors (8192K)
 Metaspace       used 116010K, committed 116864K, reserved 1155072K
  class space    used 15519K, committed 15936K, reserved 1048576K
}
Event: 47.247 GC heap after
{Heap after GC invocations=34 (full 0):
 garbage-first heap   total 412672K, used 166505K [0x0000000080000000, 0x0000000100000000)
  region size 1024K, 28 young (28672K), 28 survivors (28672K)
 Metaspace       used 116010K, committed 116864K, reserved 1155072K
  class space    used 15519K, committed 15936K, reserved 1048576K
}
Event: 47.311 GC heap before
{Heap before GC invocations=34 (full 0):
 garbage-first heap   total 412672K, used 167529K [0x0000000080000000, 0x0000000100000000)
  region size 1024K, 29 young (29696K), 28 survivors (28672K)
 Metaspace       used 116024K, committed 116864K, reserved 1155072K
  class space    used 15519K, committed 15936K, reserved 1048576K
}
Event: 47.373 GC heap after
{Heap after GC invocations=35 (full 0):
 garbage-first heap   total 412672K, used 169124K [0x0000000080000000, 0x0000000100000000)
  region size 1024K, 3 young (3072K), 3 survivors (3072K)
 Metaspace       used 116024K, committed 116864K, reserved 1155072K
  class space    used 15519K, committed 15936K, reserved 1048576K
}
Event: 49.391 GC heap before
{Heap before GC invocations=35 (full 0):
 garbage-first heap   total 412672K, used 314532K [0x0000000080000000, 0x0000000100000000)
  region size 1024K, 146 young (149504K), 3 survivors (3072K)
 Metaspace       used 119953K, committed 120768K, reserved 1155072K
  class space    used 16072K, committed 16448K, reserved 1048576K
}
Event: 49.437 GC heap after
{Heap after GC invocations=36 (full 0):
 garbage-first heap   total 412672K, used 206336K [0x0000000080000000, 0x0000000100000000)
  region size 1024K, 19 young (19456K), 19 survivors (19456K)
 Metaspace       used 119953K, committed 120768K, reserved 1155072K
  class space    used 16072K, committed 16448K, reserved 1048576K
}
Event: 50.304 GC heap before
{Heap before GC invocations=37 (full 0):
 garbage-first heap   total 444416K, used 303616K [0x0000000080000000, 0x0000000100000000)
  region size 1024K, 125 young (128000K), 19 survivors (19456K)
 Metaspace       used 121705K, committed 122496K, reserved 1155072K
  class space    used 16273K, committed 16640K, reserved 1048576K
}
Event: 50.367 GC heap after
{Heap after GC invocations=38 (full 0):
 garbage-first heap   total 444416K, used 202675K [0x0000000080000000, 0x0000000100000000)
  region size 1024K, 6 young (6144K), 6 survivors (6144K)
 Metaspace       used 121705K, committed 122496K, reserved 1155072K
  class space    used 16273K, committed 16640K, reserved 1048576K
}
Event: 50.554 GC heap before
{Heap before GC invocations=38 (full 0):
 garbage-first heap   total 444416K, used 219059K [0x0000000080000000, 0x0000000100000000)
  region size 1024K, 21 young (21504K), 6 survivors (6144K)
 Metaspace       used 121877K, committed 122688K, reserved 1155072K
  class space    used 16298K, committed 16704K, reserved 1048576K
}

